# JRE version: OpenJDK Runtime Environment (11.0.8+10) (build 11.0.8+10-b944.6842174)
# Java VM: OpenJDK 64-Bit Server VM (11.0.8+10-b944.6842174, mixed mode, tiered, compressed oops, g1 gc, windows-amd64)
Heap:
 garbage-first heap   total 157696K, used 90893K [0x0000000080000000, 0x0000000100000000)
  region size 1024K, 30 young (30720K), 6 survivors (6144K)
 Metaspace       used 77060K, capacity 78965K, committed 79308K, reserved 1118208K
  class space    used 9984K, capacity 10636K, committed 10752K, reserved 1048576K
GC Heap History (20 events):
Event: 9.185 GC heap before
{Heap before GC invocations=9 (full 0):
 garbage-first heap   total 131072K, used 80923K [0x0000000080000000, 0x0000000100000000)
  region size 1024K, 61 young (62464K), 6 survivors (6144K)
 Metaspace       used 40663K, capacity 41498K, committed 41548K, reserved 1085440K
  class space    used 5192K, capacity 5501K, committed 5504K, reserved 1048576K
}
Event: 9.202 GC heap after
{Heap after GC invocations=10 (full 0):
 garbage-first heap   total 131072K, used 24887K [0x0000000080000000, 0x0000000100000000)
  region size 1024K, 7 young (7168K), 7 survivors (7168K)
 Metaspace       used 40663K, capacity 41498K, committed 41548K, reserved 1085440K
  class space    used 5192K, capacity 5501K, committed 5504K, reserved 1048576K
}
Event: 11.832 GC heap before
{Heap before GC invocations=10 (full 0):
 garbage-first heap   total 131072K, used 84279K [0x0000000080000000, 0x0000000100000000)
  region size 1024K, 65 young (66560K), 7 survivors (7168K)
 Metaspace       used 44160K, capacity 45127K, committed 45388K, reserved 1089536K
  class space    used 5657K, capacity 6010K, committed 6016K, reserved 1048576K
}
Event: 11.850 GC heap after
{Heap after GC invocations=11 (full 0):
 garbage-first heap   total 157696K, used 28655K [0x0000000080000000, 0x0000000100000000)
  region size 1024K, 7 young (7168K), 7 survivors (7168K)
 Metaspace       used 44160K, capacity 45127K, committed 45388K, reserved 1089536K
  class space    used 5657K, capacity 6010K, committed 6016K, reserved 1048576K
}
Event: 15.964 GC heap before
{Heap before GC invocations=11 (full 0):
 garbage-first heap   total 157696K, used 105455K [0x0000000080000000, 0x0000000100000000)
  region size 1024K, 80 young (81920K), 7 survivors (7168K)
 Metaspace       used 51454K, capacity 52658K, committed 52812K, reserved 1095680K
  class space    used 6573K, capacity 6996K, committed 7040K, reserved 1048576K
}
Event: 15.982 GC heap after
{Heap after GC invocations=12 (full 0):
 garbage-first heap   total 157696K, used 40084K [0x0000000080000000, 0x0000000100000000)
  region size 1024K, 10 young (10240K), 10 survivors (10240K)
 Metaspace       used 51454K, capacity 52658K, committed 52812K, reserved 1095680K
  class space    used 6573K, capacity 6996K, committed 7040K, reserved 1048576K
}
Event: 17.831 GC heap before
{Heap before GC invocations=12 (full 0):
 garbage-first heap   total 157696K, used 99476K [0x0000000080000000, 0x0000000100000000)
  region size 1024K, 68 young (69632K), 10 survivors (10240K)
 Metaspace       used 58699K, capacity 60121K, committed 60288K, reserved 1101824K
  class space    used 7432K, capacity 7907K, committed 7936K, reserved 1048576K
}
Event: 17.872 GC heap after
{Heap after GC invocations=13 (full 0):
 garbage-first heap   total 157696K, used 45732K [0x0000000080000000, 0x0000000100000000)
  region size 1024K, 6 young (6144K), 6 survivors (6144K)
 Metaspace       used 58699K, capacity 60121K, committed 60288K, reserved 1101824K
  class space    used 7432K, capacity 7907K, committed 7936K, reserved 1048576K
}
Event: 20.016 GC heap before
{Heap before GC invocations=14 (full 0):
 garbage-first heap   total 157696K, used 110244K [0x0000000080000000, 0x0000000100000000)
  region size 1024K, 69 young (70656K), 6 survivors (6144K)
 Metaspace       used 64306K, capacity 65784K, committed 65996K, reserved 1105920K
  class space    used 8367K, capacity 8869K, committed 8960K, reserved 1048576K
}
Event: 20.033 GC heap after
{Heap after GC invocations=15 (full 0):
 garbage-first heap   total 157696K, used 50069K [0x0000000080000000, 0x0000000100000000)
  region size 1024K, 6 young (6144K), 6 survivors (6144K)
 Metaspace       used 64306K, capacity 65784K, committed 65996K, reserved 1105920K
  class space    used 8367K, capacity 8869K, committed 8960K, reserved 1048576K
}
Event: 22.177 GC heap before
{Heap before GC invocations=15 (full 0):
 garbage-first heap   total 157696K, used 114581K [0x0000000080000000, 0x0000000100000000)
  region size 1024K, 69 young (70656K), 6 survivors (6144K)
 Metaspace       used 71277K, capacity 72917K, committed 73164K, reserved 1112064K
  class space    used 9356K, capacity 9944K, committed 9984K, reserved 1048576K
}
Event: 22.194 GC heap after
{Heap after GC invocations=16 (full 0):
 garbage-first heap   total 157696K, used 53672K [0x0000000080000000, 0x0000000100000000)
  region size 1024K, 4 young (4096K), 4 survivors (4096K)
 Metaspace       used 71277K, capacity 72917K, committed 73164K, reserved 1112064K
  class space    used 9356K, capacity 9944K, committed 9984K, reserved 1048576K
}
Event: 25.493 GC heap before
{Heap before GC invocations=16 (full 0):
 garbage-first heap   total 157696K, used 117160K [0x0000000080000000, 0x0000000100000000)
  region size 1024K, 67 young (68608K), 4 survivors (4096K)
 Metaspace       used 75429K, capacity 77223K, committed 77260K, reserved 1116160K
  class space    used 9834K, capacity 10496K, committed 10496K, reserved 1048576K
}
Event: 25.511 GC heap after
{Heap after GC invocations=17 (full 0):
 garbage-first heap   total 157696K, used 58419K [0x0000000080000000, 0x0000000100000000)
  region size 1024K, 9 young (9216K), 9 survivors (9216K)
 Metaspace       used 75429K, capacity 77223K, committed 77260K, reserved 1116160K
  class space    used 9834K, capacity 10496K, committed 10496K, reserved 1048576K
}
Event: 27.510 GC heap before
{Heap before GC invocations=17 (full 0):
 garbage-first heap   total 157696K, used 119859K [0x0000000080000000, 0x0000000100000000)
  region size 1024K, 70 young (71680K), 9 survivors (9216K)
 Metaspace       used 76020K, capacity 77833K, committed 78156K, reserved 1116160K
  class space    used 9855K, capacity 10511K, committed 10624K, reserved 1048576K
}
Event: 27.534 GC heap after
{Heap after GC invocations=18 (full 0):
 garbage-first heap   total 157696K, used 61923K [0x0000000080000000, 0x0000000100000000)
  region size 1024K, 4 young (4096K), 4 survivors (4096K)
 Metaspace       used 76020K, capacity 77833K, committed 78156K, reserved 1116160K
  class space    used 9855K, capacity 10511K, committed 10624K, reserved 1048576K
}
Event: 29.413 GC heap before
{Heap before GC invocations=18 (full 0):
 garbage-first heap   total 157696K, used 123363K [0x0000000080000000, 0x0000000100000000)
  region size 1024K, 65 young (66560K), 4 survivors (4096K)
 Metaspace       used 76518K, capacity 78387K, committed 78668K, reserved 1118208K
  class space    used 9908K, capacity 10572K, committed 10624K, reserved 1048576K
}
Event: 29.425 GC heap after
{Heap after GC invocations=19 (full 0):
 garbage-first heap   total 157696K, used 64853K [0x0000000080000000, 0x0000000100000000)
  region size 1024K, 7 young (7168K), 7 survivors (7168K)
 Metaspace       used 76518K, capacity 78387K, committed 78668K, reserved 1118208K
  class space    used 9908K, capacity 10572K, committed 10624K, reserved 1048576K
}
Event: 30.565 GC heap before
{Heap before GC invocations=19 (full 0):
 garbage-first heap   total 157696K, used 125269K [0x0000000080000000, 0x0000000100000000)
  region size 1024K, 67 young (68608K), 7 survivors (7168K)
 Metaspace       used 76664K, capacity 78535K, committed 78668K, reserved 1118208K
  class space    used 9919K, capacity 10576K, committed 10624K, reserved 1048576K
}
Event: 30.579 GC heap after
{Heap after GC invocations=20 (full 0):
 garbage-first heap   total 157696K, used 67341K [0x0000000080000000, 0x0000000100000000)
  region size 1024K, 6 young (6144K), 6 survivors (6144K)
 Metaspace       used 76664K, capacity 78535K, committed 78668K, reserved 1118208K
  class space    used 9919K, capacity 10576K, committed 10624K, reserved 1048576K
}

