# JRE version: OpenJDK Runtime Environment (11.0.8+10) (build 11.0.8+10-b944.6842174)
# Java VM: OpenJDK 64-Bit Server VM (11.0.8+10-b944.6842174, mixed mode, tiered, compressed oops, g1 gc, windows-amd64)
Heap:
 garbage-first heap   total 157696K, used 117759K [0x0000000080000000, 0x0000000100000000)
  region size 1024K, 26 young (26624K), 5 survivors (5120K)
 Metaspace       used 99549K, capacity 102254K, committed 102528K, reserved 1138688K
  class space    used 12818K, capacity 13862K, committed 13952K, reserved 1048576K
GC Heap History (20 events):
Event: 31.624 GC heap before
{Heap before GC invocations=18 (full 0):
 garbage-first heap   total 157696K, used 122732K [0x0000000080000000, 0x0000000100000000)
  region size 1024K, 65 young (66560K), 5 survivors (5120K)
 Metaspace       used 76490K, capacity 78317K, committed 78464K, reserved 1118208K
  class space    used 9894K, capacity 10547K, committed 10624K, reserved 1048576K
}
Event: 31.635 GC heap after
{Heap after GC invocations=19 (full 0):
 garbage-first heap   total 157696K, used 64898K [0x0000000080000000, 0x0000000100000000)
  region size 1024K, 7 young (7168K), 7 survivors (7168K)
 Metaspace       used 76490K, capacity 78317K, committed 78464K, reserved 1118208K
  class space    used 9894K, capacity 10547K, committed 10624K, reserved 1048576K
}
Event: 32.775 GC heap before
{Heap before GC invocations=19 (full 0):
 garbage-first heap   total 157696K, used 125314K [0x0000000080000000, 0x0000000100000000)
  region size 1024K, 67 young (68608K), 7 survivors (7168K)
 Metaspace       used 76643K, capacity 78531K, committed 78720K, reserved 1118208K
  class space    used 9905K, capacity 10551K, committed 10624K, reserved 1048576K
}
Event: 32.788 GC heap after
{Heap after GC invocations=20 (full 0):
 garbage-first heap   total 157696K, used 67414K [0x0000000080000000, 0x0000000100000000)
  region size 1024K, 6 young (6144K), 6 survivors (6144K)
 Metaspace       used 76643K, capacity 78531K, committed 78720K, reserved 1118208K
  class space    used 9905K, capacity 10551K, committed 10624K, reserved 1048576K
}
Event: 318.486 GC heap before
{Heap before GC invocations=20 (full 0):
 garbage-first heap   total 157696K, used 126806K [0x0000000080000000, 0x0000000100000000)
  region size 1024K, 65 young (66560K), 6 survivors (6144K)
 Metaspace       used 80327K, capacity 82188K, committed 82304K, reserved 1120256K
  class space    used 10184K, capacity 10836K, committed 10880K, reserved 1048576K
}
Event: 318.502 GC heap after
{Heap after GC invocations=21 (full 0):
 garbage-first heap   total 157696K, used 69486K [0x0000000080000000, 0x0000000100000000)
  region size 1024K, 5 young (5120K), 5 survivors (5120K)
 Metaspace       used 80327K, capacity 82188K, committed 82304K, reserved 1120256K
  class space    used 10184K, capacity 10836K, committed 10880K, reserved 1048576K
}
Event: 323.154 GC heap before
{Heap before GC invocations=21 (full 0):
 garbage-first heap   total 157696K, used 128878K [0x0000000080000000, 0x0000000100000000)
  region size 1024K, 64 young (65536K), 5 survivors (5120K)
 Metaspace       used 80943K, capacity 82809K, committed 83072K, reserved 1122304K
  class space    used 10193K, capacity 10851K, committed 10880K, reserved 1048576K
}
Event: 323.172 GC heap after
{Heap after GC invocations=22 (full 0):
 garbage-first heap   total 157696K, used 73140K [0x0000000080000000, 0x0000000100000000)
  region size 1024K, 7 young (7168K), 7 survivors (7168K)
 Metaspace       used 80943K, capacity 82809K, committed 83072K, reserved 1122304K
  class space    used 10193K, capacity 10851K, committed 10880K, reserved 1048576K
}
Event: 326.036 GC heap before
{Heap before GC invocations=22 (full 0):
 garbage-first heap   total 157696K, used 128436K [0x0000000080000000, 0x0000000100000000)
  region size 1024K, 62 young (63488K), 7 survivors (7168K)
 Metaspace       used 81657K, capacity 83604K, committed 83712K, reserved 1122304K
  class space    used 10314K, capacity 10991K, committed 11008K, reserved 1048576K
}
Event: 326.057 GC heap after
{Heap after GC invocations=23 (full 0):
 garbage-first heap   total 157696K, used 76768K [0x0000000080000000, 0x0000000100000000)
  region size 1024K, 8 young (8192K), 8 survivors (8192K)
 Metaspace       used 81657K, capacity 83604K, committed 83712K, reserved 1122304K
  class space    used 10314K, capacity 10991K, committed 11008K, reserved 1048576K
}
Event: 332.456 GC heap before
{Heap before GC invocations=23 (full 0):
 garbage-first heap   total 157696K, used 131040K [0x0000000080000000, 0x0000000100000000)
  region size 1024K, 60 young (61440K), 8 survivors (8192K)
 Metaspace       used 88640K, capacity 90664K, committed 90752K, reserved 1128448K
  class space    used 11173K, capacity 11894K, committed 11904K, reserved 1048576K
}
Event: 332.481 GC heap after
{Heap after GC invocations=24 (full 0):
 garbage-first heap   total 157696K, used 86247K [0x0000000080000000, 0x0000000100000000)
  region size 1024K, 8 young (8192K), 8 survivors (8192K)
 Metaspace       used 88640K, capacity 90664K, committed 90752K, reserved 1128448K
  class space    used 11173K, capacity 11894K, committed 11904K, reserved 1048576K
}
Event: 334.612 GC heap before
{Heap before GC invocations=24 (full 0):
 garbage-first heap   total 157696K, used 127207K [0x0000000080000000, 0x0000000100000000)
  region size 1024K, 49 young (50176K), 8 survivors (8192K)
 Metaspace       used 90235K, capacity 92349K, committed 92544K, reserved 1130496K
  class space    used 11357K, capacity 12127K, committed 12160K, reserved 1048576K
}
Event: 334.636 GC heap after
{Heap after GC invocations=25 (full 0):
 garbage-first heap   total 157696K, used 88861K [0x0000000080000000, 0x0000000100000000)
  region size 1024K, 5 young (5120K), 5 survivors (5120K)
 Metaspace       used 90235K, capacity 92349K, committed 92544K, reserved 1130496K
  class space    used 11357K, capacity 12127K, committed 12160K, reserved 1048576K
}
Event: 337.398 GC heap before
{Heap before GC invocations=26 (full 0):
 garbage-first heap   total 157696K, used 129821K [0x0000000080000000, 0x0000000100000000)
  region size 1024K, 44 young (45056K), 5 survivors (5120K)
 Metaspace       used 92113K, capacity 94347K, committed 94720K, reserved 1132544K
  class space    used 11623K, capacity 12420K, committed 12544K, reserved 1048576K
}
Event: 337.412 GC heap after
{Heap after GC invocations=27 (full 0):
 garbage-first heap   total 157696K, used 94221K [0x0000000080000000, 0x0000000100000000)
  region size 1024K, 4 young (4096K), 4 survivors (4096K)
 Metaspace       used 92113K, capacity 94347K, committed 94720K, reserved 1132544K
  class space    used 11623K, capacity 12420K, committed 12544K, reserved 1048576K
}
Event: 337.563 GC heap before
{Heap before GC invocations=27 (full 0):
 garbage-first heap   total 157696K, used 96269K [0x0000000080000000, 0x0000000100000000)
  region size 1024K, 7 young (7168K), 4 survivors (4096K)
 Metaspace       used 92796K, capacity 95041K, committed 95232K, reserved 1132544K
  class space    used 11732K, capacity 12527K, committed 12544K, reserved 1048576K
}
Event: 337.575 GC heap after
{Heap after GC invocations=28 (full 0):
 garbage-first heap   total 157696K, used 93070K [0x0000000080000000, 0x0000000100000000)
  region size 1024K, 1 young (1024K), 1 survivors (1024K)
 Metaspace       used 92796K, capacity 95041K, committed 95232K, reserved 1132544K
  class space    used 11732K, capacity 12527K, committed 12544K, reserved 1048576K
}
Event: 338.725 GC heap before
{Heap before GC invocations=28 (full 0):
 garbage-first heap   total 157696K, used 127886K [0x0000000080000000, 0x0000000100000000)
  region size 1024K, 36 young (36864K), 1 survivors (1024K)
 Metaspace       used 99279K, capacity 101907K, committed 102144K, reserved 1138688K
  class space    used 12776K, capacity 13791K, committed 13824K, reserved 1048576K
}
Event: 338.740 GC heap after
{Heap after GC invocations=29 (full 0):
 garbage-first heap   total 157696K, used 98304K [0x0000000080000000, 0x0000000100000000)
  region size 1024K, 5 young (5120K), 5 survivors (5120K)
 Metaspace       used 99279K, capacity 101907K, committed 102144K, reserved 1138688K
  class space    used 12776K, capacity 13791K, committed 13824K, reserved 1048576K
}

