# JRE version: OpenJDK Runtime Environment (11.0.8+10) (build 11.0.8+10-b944.6842174)
# Java VM: OpenJDK 64-Bit Server VM (11.0.8+10-b944.6842174, mixed mode, tiered, compressed oops, g1 gc, windows-amd64)
Heap:
 garbage-first heap   total 198656K, used 142336K [0x0000000080000000, 0x0000000100000000)
  region size 1024K, 1 young (1024K), 1 survivors (1024K)
 Metaspace       used 81780K, capacity 83655K, committed 83916K, reserved 1122304K
  class space    used 10715K, capacity 11379K, committed 11468K, reserved 1048576K
GC Heap History (20 events):
Event: 31.798 GC heap after
{Heap after GC invocations=18 (full 0):
 garbage-first heap   total 157696K, used 62966K [0x0000000080000000, 0x0000000100000000)
  region size 1024K, 9 young (9216K), 9 survivors (9216K)
 Metaspace       used 76212K, capacity 78044K, committed 78156K, reserved 1116160K
  class space    used 9854K, capacity 10501K, committed 10572K, reserved 1048576K
}
Event: 33.656 GC heap before
{Heap before GC invocations=18 (full 0):
 garbage-first heap   total 157696K, used 124406K [0x0000000080000000, 0x0000000100000000)
  region size 1024K, 70 young (71680K), 9 survivors (9216K)
 Metaspace       used 76539K, capacity 78402K, committed 78668K, reserved 1118208K
  class space    used 9896K, capacity 10554K, committed 10572K, reserved 1048576K
}
Event: 33.676 GC heap after
{Heap after GC invocations=19 (full 0):
 garbage-first heap   total 157696K, used 65948K [0x0000000080000000, 0x0000000100000000)
  region size 1024K, 7 young (7168K), 7 survivors (7168K)
 Metaspace       used 76539K, capacity 78402K, committed 78668K, reserved 1118208K
  class space    used 9896K, capacity 10554K, committed 10572K, reserved 1048576K
}
Event: 34.851 GC heap before
{Heap before GC invocations=19 (full 0):
 garbage-first heap   total 157696K, used 126364K [0x0000000080000000, 0x0000000100000000)
  region size 1024K, 67 young (68608K), 7 survivors (7168K)
 Metaspace       used 76703K, capacity 78547K, committed 78668K, reserved 1118208K
  class space    used 9909K, capacity 10558K, committed 10572K, reserved 1048576K
}
Event: 34.872 GC heap after
{Heap after GC invocations=20 (full 0):
 garbage-first heap   total 157696K, used 68144K [0x0000000080000000, 0x0000000100000000)
  region size 1024K, 6 young (6144K), 6 survivors (6144K)
 Metaspace       used 76703K, capacity 78547K, committed 78668K, reserved 1118208K
  class space    used 9909K, capacity 10558K, committed 10572K, reserved 1048576K
}
Event: 36.239 GC heap before
{Heap before GC invocations=20 (full 0):
 garbage-first heap   total 157696K, used 90672K [0x0000000080000000, 0x0000000100000000)
  region size 1024K, 29 young (29696K), 6 survivors (6144K)
 Metaspace       used 77370K, capacity 79255K, committed 79308K, reserved 1118208K
  class space    used 10014K, capacity 10661K, committed 10700K, reserved 1048576K
}
Event: 36.252 GC heap after
{Heap after GC invocations=21 (full 0):
 garbage-first heap   total 157696K, used 69537K [0x0000000080000000, 0x0000000100000000)
  region size 1024K, 4 young (4096K), 4 survivors (4096K)
 Metaspace       used 77370K, capacity 79255K, committed 79308K, reserved 1118208K
  class space    used 10014K, capacity 10661K, committed 10700K, reserved 1048576K
}
Event: 36.861 GC heap before
{Heap before GC invocations=22 (full 0):
 garbage-first heap   total 157696K, used 87969K [0x0000000080000000, 0x0000000100000000)
  region size 1024K, 15 young (15360K), 4 survivors (4096K)
 Metaspace       used 79429K, capacity 81318K, committed 81484K, reserved 1120256K
  class space    used 10312K, capacity 10989K, committed 11084K, reserved 1048576K
}
Event: 36.874 GC heap after
{Heap after GC invocations=23 (full 0):
 garbage-first heap   total 157696K, used 80247K [0x0000000080000000, 0x0000000100000000)
  region size 1024K, 5 young (5120K), 5 survivors (5120K)
 Metaspace       used 79429K, capacity 81318K, committed 81484K, reserved 1120256K
  class space    used 10312K, capacity 10989K, committed 11084K, reserved 1048576K
}
Event: 37.558 GC heap before
{Heap before GC invocations=24 (full 0):
 garbage-first heap   total 157696K, used 140663K [0x0000000080000000, 0x0000000100000000)
  region size 1024K, 45 young (46080K), 5 survivors (5120K)
 Metaspace       used 79796K, capacity 81678K, committed 81740K, reserved 1120256K
  class space    used 10361K, capacity 11023K, committed 11084K, reserved 1048576K
}
Event: 37.638 GC heap after
{Heap after GC invocations=25 (full 0):
 garbage-first heap   total 164864K, used 106610K [0x0000000080000000, 0x0000000100000000)
  region size 1024K, 7 young (7168K), 7 survivors (7168K)
 Metaspace       used 79796K, capacity 81678K, committed 81740K, reserved 1120256K
  class space    used 10361K, capacity 11023K, committed 11084K, reserved 1048576K
}
Event: 38.346 GC heap before
{Heap before GC invocations=26 (full 0):
 garbage-first heap   total 164864K, used 133234K [0x0000000080000000, 0x0000000100000000)
  region size 1024K, 32 young (32768K), 7 survivors (7168K)
 Metaspace       used 81689K, capacity 83586K, committed 83916K, reserved 1122304K
  class space    used 10714K, capacity 11379K, committed 11468K, reserved 1048576K
}
Event: 38.397 GC heap after
{Heap after GC invocations=27 (full 0):
 garbage-first heap   total 164864K, used 118784K [0x0000000080000000, 0x0000000100000000)
  region size 1024K, 4 young (4096K), 4 survivors (4096K)
 Metaspace       used 81689K, capacity 83586K, committed 83916K, reserved 1122304K
  class space    used 10714K, capacity 11379K, committed 11468K, reserved 1048576K
}
Event: 38.684 GC heap before
{Heap before GC invocations=27 (full 0):
 garbage-first heap   total 164864K, used 133120K [0x0000000080000000, 0x0000000100000000)
  region size 1024K, 19 young (19456K), 4 survivors (4096K)
 Metaspace       used 81717K, capacity 83588K, committed 83916K, reserved 1122304K
  class space    used 10714K, capacity 11379K, committed 11468K, reserved 1048576K
}
Event: 38.715 GC heap after
{Heap after GC invocations=28 (full 0):
 garbage-first heap   total 164864K, used 128000K [0x0000000080000000, 0x0000000100000000)
  region size 1024K, 3 young (3072K), 3 survivors (3072K)
 Metaspace       used 81717K, capacity 83588K, committed 83916K, reserved 1122304K
  class space    used 10714K, capacity 11379K, committed 11468K, reserved 1048576K
}
Event: 39.076 GC heap before
{Heap before GC invocations=28 (full 0):
 garbage-first heap   total 164864K, used 137216K [0x0000000080000000, 0x0000000100000000)
  region size 1024K, 12 young (12288K), 3 survivors (3072K)
 Metaspace       used 81770K, capacity 83652K, committed 83916K, reserved 1122304K
  class space    used 10715K, capacity 11379K, committed 11468K, reserved 1048576K
}
Event: 39.091 GC heap after
{Heap after GC invocations=29 (full 0):
 garbage-first heap   total 164864K, used 134113K [0x0000000080000000, 0x0000000100000000)
  region size 1024K, 2 young (2048K), 2 survivors (2048K)
 Metaspace       used 81770K, capacity 83652K, committed 83916K, reserved 1122304K
  class space    used 10715K, capacity 11379K, committed 11468K, reserved 1048576K
}
Event: 39.287 GC heap before
{Heap before GC invocations=29 (full 0):
 garbage-first heap   total 164864K, used 140257K [0x0000000080000000, 0x0000000100000000)
  region size 1024K, 8 young (8192K), 2 survivors (2048K)
 Metaspace       used 81774K, capacity 83654K, committed 83916K, reserved 1122304K
  class space    used 10715K, capacity 11379K, committed 11468K, reserved 1048576K
}
Event: 39.303 GC heap after
{Heap after GC invocations=30 (full 0):
 garbage-first heap   total 164864K, used 137933K [0x0000000080000000, 0x0000000100000000)
  region size 1024K, 1 young (1024K), 1 survivors (1024K)
 Metaspace       used 81774K, capacity 83654K, committed 83916K, reserved 1122304K
  class space    used 10715K, capacity 11379K, committed 11468K, reserved 1048576K
}
Event: 39.459 GC heap before
{Heap before GC invocations=31 (full 0):
 garbage-first heap   total 164864K, used 144077K [0x0000000080000000, 0x0000000100000000)
  region size 1024K, 8 young (8192K), 1 survivors (1024K)
 Metaspace       used 81780K, capacity 83655K, committed 83916K, reserved 1122304K
  class space    used 10715K, capacity 11379K, committed 11468K, reserved 1048576K
}

